mode: set
github.com/forbole/bdjuno/v5/modules/pricefeed/coingecko/apis.go:15.47,18.2 2 0
github.com/forbole/bdjuno/v5/modules/pricefeed/coingecko/apis.go:21.64,25.16 4 0
github.com/forbole/bdjuno/v5/modules/pricefeed/coingecko/apis.go:25.16,27.3 1 0
github.com/forbole/bdjuno/v5/modules/pricefeed/coingecko/apis.go:29.2,29.44 1 0
github.com/forbole/bdjuno/v5/modules/pricefeed/coingecko/apis.go:32.71,34.31 2 1
github.com/forbole/bdjuno/v5/modules/pricefeed/coingecko/apis.go:34.31,41.3 1 1
github.com/forbole/bdjuno/v5/modules/pricefeed/coingecko/apis.go:42.2,42.20 1 1
github.com/forbole/bdjuno/v5/modules/pricefeed/coingecko/apis.go:46.61,48.16 2 0
github.com/forbole/bdjuno/v5/modules/pricefeed/coingecko/apis.go:48.16,50.3 1 0
github.com/forbole/bdjuno/v5/modules/pricefeed/coingecko/apis.go:52.2,55.16 3 0
github.com/forbole/bdjuno/v5/modules/pricefeed/coingecko/apis.go:55.16,57.3 1 0
github.com/forbole/bdjuno/v5/modules/pricefeed/coingecko/apis.go:59.2,60.16 2 0
github.com/forbole/bdjuno/v5/modules/pricefeed/coingecko/apis.go:60.16,62.3 1 0
github.com/forbole/bdjuno/v5/modules/pricefeed/coingecko/apis.go:64.2,64.12 1 0
github.com/forbole/bdjuno/v5/modules/utils/addresses.go:7.61,10.36 2 1
github.com/forbole/bdjuno/v5/modules/utils/addresses.go:10.36,12.17 2 1
github.com/forbole/bdjuno/v5/modules/utils/addresses.go:12.17,14.4 1 1
github.com/forbole/bdjuno/v5/modules/utils/addresses.go:16.2,16.25 1 1
github.com/forbole/bdjuno/v5/modules/utils/errors.go:9.39,10.12 1 0
github.com/forbole/bdjuno/v5/modules/utils/errors.go:10.12,12.17 2 0
github.com/forbole/bdjuno/v5/modules/utils/errors.go:12.17,14.4 1 0
github.com/forbole/bdjuno/v5/database/auth.go:19.60,23.34 3 1
github.com/forbole/bdjuno/v5/database/auth.go:23.34,24.25 1 1
github.com/forbole/bdjuno/v5/database/auth.go:24.25,25.12 1 0
github.com/forbole/bdjuno/v5/database/auth.go:29.3,30.17 2 1
github.com/forbole/bdjuno/v5/database/auth.go:30.17,32.4 1 0
github.com/forbole/bdjuno/v5/database/auth.go:35.2,35.12 1 1
github.com/forbole/bdjuno/v5/database/auth.go:38.78,39.24 1 1
github.com/forbole/bdjuno/v5/database/auth.go:39.24,41.3 1 0
github.com/forbole/bdjuno/v5/database/auth.go:43.2,46.35 3 1
github.com/forbole/bdjuno/v5/database/auth.go:46.35,50.3 3 1
github.com/forbole/bdjuno/v5/database/auth.go:52.2,55.16 4 1
github.com/forbole/bdjuno/v5/database/auth.go:55.16,57.3 1 0
github.com/forbole/bdjuno/v5/database/auth.go:59.2,59.12 1 1
github.com/forbole/bdjuno/v5/database/auth.go:63.84,64.31 1 0
github.com/forbole/bdjuno/v5/database/auth.go:64.31,66.3 1 0
github.com/forbole/bdjuno/v5/database/auth.go:68.2,68.42 1 0
github.com/forbole/bdjuno/v5/database/auth.go:68.42,69.43 1 0
github.com/forbole/bdjuno/v5/database/auth.go:70.84,72.18 2 0
github.com/forbole/bdjuno/v5/database/auth.go:72.18,74.5 1 0
github.com/forbole/bdjuno/v5/database/auth.go:76.45,78.18 2 0
github.com/forbole/bdjuno/v5/database/auth.go:78.18,80.5 1 0
github.com/forbole/bdjuno/v5/database/auth.go:81.4,82.18 2 0
github.com/forbole/bdjuno/v5/database/auth.go:82.18,84.5 1 0
github.com/forbole/bdjuno/v5/database/auth.go:88.2,88.12 1 0
github.com/forbole/bdjuno/v5/database/auth.go:91.81,110.16 4 0
github.com/forbole/bdjuno/v5/database/auth.go:110.16,112.3 1 0
github.com/forbole/bdjuno/v5/database/auth.go:114.2,114.33 1 0
github.com/forbole/bdjuno/v5/database/auth.go:117.113,133.16 3 0
github.com/forbole/bdjuno/v5/database/auth.go:133.16,135.3 1 0
github.com/forbole/bdjuno/v5/database/auth.go:136.2,136.12 1 0
github.com/forbole/bdjuno/v5/database/auth.go:140.87,144.16 3 0
github.com/forbole/bdjuno/v5/database/auth.go:144.16,146.3 1 0
github.com/forbole/bdjuno/v5/database/auth.go:149.2,154.40 3 0
github.com/forbole/bdjuno/v5/database/auth.go:154.40,161.3 5 0
github.com/forbole/bdjuno/v5/database/auth.go:162.2,165.16 3 0
github.com/forbole/bdjuno/v5/database/auth.go:165.16,167.3 1 0
github.com/forbole/bdjuno/v5/database/auth.go:169.2,169.12 1 0
github.com/forbole/bdjuno/v5/database/auth.go:173.47,177.2 3 1
github.com/forbole/bdjuno/v5/database/bank.go:13.63,23.16 3 1
github.com/forbole/bdjuno/v5/database/bank.go:23.16,25.3 1 0
github.com/forbole/bdjuno/v5/database/bank.go:27.2,27.12 1 1
github.com/forbole/bdjuno/v5/database/consensus.go:13.57,17.54 3 0
github.com/forbole/bdjuno/v5/database/consensus.go:17.54,19.3 1 0
github.com/forbole/bdjuno/v5/database/consensus.go:21.2,21.22 1 0
github.com/forbole/bdjuno/v5/database/consensus.go:21.22,23.3 1 0
github.com/forbole/bdjuno/v5/database/consensus.go:25.2,25.24 1 0
github.com/forbole/bdjuno/v5/database/consensus.go:29.51,33.55 3 0
github.com/forbole/bdjuno/v5/database/consensus.go:33.55,35.3 1 0
github.com/forbole/bdjuno/v5/database/consensus.go:37.2,37.23 1 0
github.com/forbole/bdjuno/v5/database/consensus.go:37.23,39.3 1 0
github.com/forbole/bdjuno/v5/database/consensus.go:41.2,41.24 1 0
github.com/forbole/bdjuno/v5/database/consensus.go:47.80,51.61 3 1
github.com/forbole/bdjuno/v5/database/consensus.go:51.61,53.3 1 0
github.com/forbole/bdjuno/v5/database/consensus.go:55.2,55.19 1 1
github.com/forbole/bdjuno/v5/database/consensus.go:55.19,57.3 1 0
github.com/forbole/bdjuno/v5/database/consensus.go:59.2,59.20 1 1
github.com/forbole/bdjuno/v5/database/consensus.go:64.84,67.2 2 1
github.com/forbole/bdjuno/v5/database/consensus.go:71.82,74.2 2 1
github.com/forbole/bdjuno/v5/database/consensus.go:78.81,81.2 2 1
github.com/forbole/bdjuno/v5/database/consensus.go:86.83,96.16 3 1
github.com/forbole/bdjuno/v5/database/consensus.go:96.16,98.3 1 0
github.com/forbole/bdjuno/v5/database/consensus.go:100.2,100.12 1 1
github.com/forbole/bdjuno/v5/database/consensus.go:104.84,114.16 3 1
github.com/forbole/bdjuno/v5/database/consensus.go:114.16,116.3 1 0
github.com/forbole/bdjuno/v5/database/consensus.go:118.2,118.12 1 1
github.com/forbole/bdjuno/v5/database/consensus.go:122.83,132.16 3 1
github.com/forbole/bdjuno/v5/database/consensus.go:132.16,134.3 1 0
github.com/forbole/bdjuno/v5/database/consensus.go:136.2,136.12 1 1
github.com/forbole/bdjuno/v5/database/consensus.go:140.84,150.16 3 1
github.com/forbole/bdjuno/v5/database/consensus.go:150.16,152.3 1 0
github.com/forbole/bdjuno/v5/database/consensus.go:154.2,154.12 1 1
github.com/forbole/bdjuno/v5/database/consensus.go:160.57,169.16 3 1
github.com/forbole/bdjuno/v5/database/consensus.go:169.16,171.3 1 0
github.com/forbole/bdjuno/v5/database/consensus.go:173.2,173.12 1 1
github.com/forbole/bdjuno/v5/database/consensus.go:177.52,180.16 3 1
github.com/forbole/bdjuno/v5/database/consensus.go:180.16,182.3 1 0
github.com/forbole/bdjuno/v5/database/consensus.go:184.2,184.20 1 1
github.com/forbole/bdjuno/v5/database/consensus.go:184.20,186.3 1 0
github.com/forbole/bdjuno/v5/database/consensus.go:188.2,189.72 2 1
github.com/forbole/bdjuno/v5/database/daily_refetch.go:4.70,8.16 4 0
github.com/forbole/bdjuno/v5/database/daily_refetch.go:8.16,10.3 1 0
github.com/forbole/bdjuno/v5/database/daily_refetch.go:12.2,12.22 1 0
github.com/forbole/bdjuno/v5/database/daily_refetch.go:12.22,14.3 1 0
github.com/forbole/bdjuno/v5/database/daily_refetch.go:16.2,16.15 1 0
github.com/forbole/bdjuno/v5/database/database.go:21.52,23.16 2 1
github.com/forbole/bdjuno/v5/database/database.go:23.16,25.3 1 0
github.com/forbole/bdjuno/v5/database/database.go:27.2,28.9 2 1
github.com/forbole/bdjuno/v5/database/database.go:28.9,30.3 1 0
github.com/forbole/bdjuno/v5/database/database.go:32.2,35.8 1 1
github.com/forbole/bdjuno/v5/database/database.go:39.31,41.9 2 0
github.com/forbole/bdjuno/v5/database/database.go:41.9,42.59 1 0
github.com/forbole/bdjuno/v5/database/database.go:44.2,44.19 1 0
github.com/forbole/bdjuno/v5/database/distribution.go:16.72,25.16 3 1
github.com/forbole/bdjuno/v5/database/distribution.go:25.16,27.3 1 0
github.com/forbole/bdjuno/v5/database/distribution.go:29.2,29.12 1 1
github.com/forbole/bdjuno/v5/database/distribution.go:35.78,37.16 2 1
github.com/forbole/bdjuno/v5/database/distribution.go:37.16,39.3 1 0
github.com/forbole/bdjuno/v5/database/distribution.go:41.2,49.16 3 1
github.com/forbole/bdjuno/v5/database/distribution.go:49.16,51.3 1 0
github.com/forbole/bdjuno/v5/database/distribution.go:53.2,53.12 1 1
github.com/forbole/bdjuno/v5/database/feegrant.go:12.69,17.16 4 1
github.com/forbole/bdjuno/v5/database/feegrant.go:17.16,19.3 1 0
github.com/forbole/bdjuno/v5/database/feegrant.go:21.2,30.16 3 1
github.com/forbole/bdjuno/v5/database/feegrant.go:30.16,32.3 1 0
github.com/forbole/bdjuno/v5/database/feegrant.go:34.2,35.16 2 1
github.com/forbole/bdjuno/v5/database/feegrant.go:35.16,37.3 1 0
github.com/forbole/bdjuno/v5/database/feegrant.go:39.2,39.12 1 1
github.com/forbole/bdjuno/v5/database/feegrant.go:43.75,47.16 3 1
github.com/forbole/bdjuno/v5/database/feegrant.go:47.16,49.3 1 0
github.com/forbole/bdjuno/v5/database/feegrant.go:50.2,50.12 1 1
github.com/forbole/bdjuno/v5/database/gov.go:21.60,24.16 2 1
github.com/forbole/bdjuno/v5/database/gov.go:24.16,26.3 1 0
github.com/forbole/bdjuno/v5/database/gov.go:28.2,29.16 2 1
github.com/forbole/bdjuno/v5/database/gov.go:29.16,31.3 1 0
github.com/forbole/bdjuno/v5/database/gov.go:33.2,34.16 2 1
github.com/forbole/bdjuno/v5/database/gov.go:34.16,36.3 1 0
github.com/forbole/bdjuno/v5/database/gov.go:38.2,48.16 3 1
github.com/forbole/bdjuno/v5/database/gov.go:48.16,50.3 1 0
github.com/forbole/bdjuno/v5/database/gov.go:52.2,52.12 1 1
github.com/forbole/bdjuno/v5/database/gov.go:56.74,59.16 2 0
github.com/forbole/bdjuno/v5/database/gov.go:59.16,61.3 1 0
github.com/forbole/bdjuno/v5/database/gov.go:63.2,64.16 2 0
github.com/forbole/bdjuno/v5/database/gov.go:64.16,66.3 1 0
github.com/forbole/bdjuno/v5/database/gov.go:68.2,69.16 2 0
github.com/forbole/bdjuno/v5/database/gov.go:69.16,71.3 1 0
github.com/forbole/bdjuno/v5/database/gov.go:73.2,83.16 3 0
github.com/forbole/bdjuno/v5/database/gov.go:83.16,85.3 1 0
github.com/forbole/bdjuno/v5/database/gov.go:87.2,87.12 1 0
github.com/forbole/bdjuno/v5/database/gov.go:91.56,94.16 3 1
github.com/forbole/bdjuno/v5/database/gov.go:94.16,96.3 1 0
github.com/forbole/bdjuno/v5/database/gov.go:98.2,98.20 1 1
github.com/forbole/bdjuno/v5/database/gov.go:98.20,100.3 1 0
github.com/forbole/bdjuno/v5/database/gov.go:102.2,106.16 4 1
github.com/forbole/bdjuno/v5/database/gov.go:106.16,108.3 1 0
github.com/forbole/bdjuno/v5/database/gov.go:110.2,112.16 3 1
github.com/forbole/bdjuno/v5/database/gov.go:112.16,114.3 1 0
github.com/forbole/bdjuno/v5/database/gov.go:116.2,118.16 3 1
github.com/forbole/bdjuno/v5/database/gov.go:118.16,120.3 1 0
github.com/forbole/bdjuno/v5/database/gov.go:122.2,125.8 1 1
github.com/forbole/bdjuno/v5/database/gov.go:131.63,132.25 1 1
github.com/forbole/bdjuno/v5/database/gov.go:132.25,134.3 1 0
github.com/forbole/bdjuno/v5/database/gov.go:136.2,145.37 4 1
github.com/forbole/bdjuno/v5/database/gov.go:145.37,156.10 5 1
github.com/forbole/bdjuno/v5/database/gov.go:156.10,158.4 1 0
github.com/forbole/bdjuno/v5/database/gov.go:160.3,161.17 2 1
github.com/forbole/bdjuno/v5/database/gov.go:161.17,163.4 1 0
github.com/forbole/bdjuno/v5/database/gov.go:165.3,167.17 3 1
github.com/forbole/bdjuno/v5/database/gov.go:167.17,169.4 1 0
github.com/forbole/bdjuno/v5/database/gov.go:171.3,184.4 1 1
github.com/forbole/bdjuno/v5/database/gov.go:188.2,189.16 2 1
github.com/forbole/bdjuno/v5/database/gov.go:189.16,191.3 1 0
github.com/forbole/bdjuno/v5/database/gov.go:194.2,197.16 4 1
github.com/forbole/bdjuno/v5/database/gov.go:197.16,199.3 1 0
github.com/forbole/bdjuno/v5/database/gov.go:201.2,201.12 1 1
github.com/forbole/bdjuno/v5/database/gov.go:205.62,208.16 3 0
github.com/forbole/bdjuno/v5/database/gov.go:208.16,210.3 1 0
github.com/forbole/bdjuno/v5/database/gov.go:212.2,212.20 1 0
github.com/forbole/bdjuno/v5/database/gov.go:212.20,214.3 1 0
github.com/forbole/bdjuno/v5/database/gov.go:216.2,220.16 4 0
github.com/forbole/bdjuno/v5/database/gov.go:220.16,222.3 1 0
github.com/forbole/bdjuno/v5/database/gov.go:224.2,226.16 3 0
github.com/forbole/bdjuno/v5/database/gov.go:226.16,228.3 1 0
github.com/forbole/bdjuno/v5/database/gov.go:230.2,242.22 2 0
github.com/forbole/bdjuno/v5/database/gov.go:246.74,250.16 4 1
github.com/forbole/bdjuno/v5/database/gov.go:250.16,252.3 1 0
github.com/forbole/bdjuno/v5/database/gov.go:255.2,260.17 5 1
github.com/forbole/bdjuno/v5/database/gov.go:266.65,274.16 3 1
github.com/forbole/bdjuno/v5/database/gov.go:274.16,276.3 1 0
github.com/forbole/bdjuno/v5/database/gov.go:278.2,278.12 1 1
github.com/forbole/bdjuno/v5/database/gov.go:282.60,283.24 1 1
github.com/forbole/bdjuno/v5/database/gov.go:283.24,285.3 1 0
github.com/forbole/bdjuno/v5/database/gov.go:287.2,290.35 4 1
github.com/forbole/bdjuno/v5/database/gov.go:290.35,300.3 4 1
github.com/forbole/bdjuno/v5/database/gov.go:303.2,304.16 2 1
github.com/forbole/bdjuno/v5/database/gov.go:304.16,306.3 1 0
github.com/forbole/bdjuno/v5/database/gov.go:308.2,316.16 4 1
github.com/forbole/bdjuno/v5/database/gov.go:316.16,318.3 1 0
github.com/forbole/bdjuno/v5/database/gov.go:320.2,320.12 1 1
github.com/forbole/bdjuno/v5/database/gov.go:326.47,338.16 3 1
github.com/forbole/bdjuno/v5/database/gov.go:338.16,340.3 1 0
github.com/forbole/bdjuno/v5/database/gov.go:342.2,343.16 2 1
github.com/forbole/bdjuno/v5/database/gov.go:343.16,345.3 1 0
github.com/forbole/bdjuno/v5/database/gov.go:347.2,347.12 1 1
github.com/forbole/bdjuno/v5/database/gov.go:351.66,352.22 1 1
github.com/forbole/bdjuno/v5/database/gov.go:352.22,354.3 1 0
github.com/forbole/bdjuno/v5/database/gov.go:356.2,359.31 3 1
github.com/forbole/bdjuno/v5/database/gov.go:359.31,369.3 3 1
github.com/forbole/bdjuno/v5/database/gov.go:371.2,381.16 4 1
github.com/forbole/bdjuno/v5/database/gov.go:381.16,383.3 1 0
github.com/forbole/bdjuno/v5/database/gov.go:385.2,385.12 1 1
github.com/forbole/bdjuno/v5/database/gov.go:391.97,404.16 3 1
github.com/forbole/bdjuno/v5/database/gov.go:404.16,406.3 1 0
github.com/forbole/bdjuno/v5/database/gov.go:408.2,408.12 1 1
github.com/forbole/bdjuno/v5/database/gov.go:412.112,413.25 1 1
github.com/forbole/bdjuno/v5/database/gov.go:413.25,415.3 1 0
github.com/forbole/bdjuno/v5/database/gov.go:417.2,422.37 3 1
github.com/forbole/bdjuno/v5/database/gov.go:422.37,429.3 3 1
github.com/forbole/bdjuno/v5/database/gov.go:431.2,442.16 4 1
github.com/forbole/bdjuno/v5/database/gov.go:442.16,444.3 1 0
github.com/forbole/bdjuno/v5/database/gov.go:446.2,446.12 1 1
github.com/forbole/bdjuno/v5/database/gov.go:450.102,464.16 3 1
github.com/forbole/bdjuno/v5/database/gov.go:464.16,466.3 1 0
github.com/forbole/bdjuno/v5/database/gov.go:468.2,468.12 1 1
github.com/forbole/bdjuno/v5/database/gov.go:472.66,476.16 3 1
github.com/forbole/bdjuno/v5/database/gov.go:476.16,478.3 1 0
github.com/forbole/bdjuno/v5/database/gov.go:480.2,480.12 1 1
github.com/forbole/bdjuno/v5/database/gov.go:484.75,489.16 4 1
github.com/forbole/bdjuno/v5/database/gov.go:489.16,491.3 1 0
github.com/forbole/bdjuno/v5/database/gov.go:493.2,493.19 1 1
github.com/forbole/bdjuno/v5/database/gov.go:497.63,501.16 3 0
github.com/forbole/bdjuno/v5/database/gov.go:501.16,503.3 1 0
github.com/forbole/bdjuno/v5/database/gov.go:505.2,505.12 1 0
github.com/forbole/bdjuno/v5/database/mint.go:13.68,23.16 3 1
github.com/forbole/bdjuno/v5/database/mint.go:23.16,25.3 1 0
github.com/forbole/bdjuno/v5/database/mint.go:27.2,27.12 1 1
github.com/forbole/bdjuno/v5/database/mint.go:31.62,33.16 2 1
github.com/forbole/bdjuno/v5/database/mint.go:33.16,35.3 1 0
github.com/forbole/bdjuno/v5/database/mint.go:37.2,46.16 3 1
github.com/forbole/bdjuno/v5/database/mint.go:46.16,48.3 1 0
github.com/forbole/bdjuno/v5/database/mint.go:50.2,50.12 1 1
github.com/forbole/bdjuno/v5/database/pricefeed.go:14.52,19.16 4 1
github.com/forbole/bdjuno/v5/database/pricefeed.go:19.16,21.3 1 0
github.com/forbole/bdjuno/v5/database/pricefeed.go:23.2,24.31 2 1
github.com/forbole/bdjuno/v5/database/pricefeed.go:24.31,25.32 1 1
github.com/forbole/bdjuno/v5/database/pricefeed.go:25.32,27.4 1 1
github.com/forbole/bdjuno/v5/database/pricefeed.go:30.2,30.19 1 1
github.com/forbole/bdjuno/v5/database/pricefeed.go:36.50,39.16 3 0
github.com/forbole/bdjuno/v5/database/pricefeed.go:39.16,41.3 1 0
github.com/forbole/bdjuno/v5/database/pricefeed.go:43.2,46.35 3 0
github.com/forbole/bdjuno/v5/database/pricefeed.go:46.35,51.3 3 0
github.com/forbole/bdjuno/v5/database/pricefeed.go:53.2,56.16 4 0
github.com/forbole/bdjuno/v5/database/pricefeed.go:56.16,58.3 1 0
github.com/forbole/bdjuno/v5/database/pricefeed.go:60.2,60.12 1 0
github.com/forbole/bdjuno/v5/database/pricefeed.go:66.65,67.22 1 1
github.com/forbole/bdjuno/v5/database/pricefeed.go:67.22,69.3 1 0
github.com/forbole/bdjuno/v5/database/pricefeed.go:71.2,74.32 3 1
github.com/forbole/bdjuno/v5/database/pricefeed.go:74.32,78.3 3 1
github.com/forbole/bdjuno/v5/database/pricefeed.go:80.2,89.16 4 1
github.com/forbole/bdjuno/v5/database/pricefeed.go:89.16,91.3 1 0
github.com/forbole/bdjuno/v5/database/pricefeed.go:93.2,93.12 1 1
github.com/forbole/bdjuno/v5/database/pricefeed.go:97.71,98.22 1 1
github.com/forbole/bdjuno/v5/database/pricefeed.go:98.22,100.3 1 0
github.com/forbole/bdjuno/v5/database/pricefeed.go:102.2,105.32 3 1
github.com/forbole/bdjuno/v5/database/pricefeed.go:105.32,109.3 3 1
github.com/forbole/bdjuno/v5/database/pricefeed.go:111.2,118.16 4 1
github.com/forbole/bdjuno/v5/database/pricefeed.go:118.16,120.3 1 0
github.com/forbole/bdjuno/v5/database/pricefeed.go:122.2,122.12 1 1
github.com/forbole/bdjuno/v5/database/pruning.go:6.41,9.16 2 0
github.com/forbole/bdjuno/v5/database/pruning.go:9.16,11.3 1 0
github.com/forbole/bdjuno/v5/database/pruning.go:14.2,15.16 2 0
github.com/forbole/bdjuno/v5/database/pruning.go:15.16,17.3 1 0
github.com/forbole/bdjuno/v5/database/pruning.go:19.2,20.16 2 0
github.com/forbole/bdjuno/v5/database/pruning.go:20.16,22.3 1 0
github.com/forbole/bdjuno/v5/database/pruning.go:24.2,25.16 2 0
github.com/forbole/bdjuno/v5/database/pruning.go:25.16,27.3 1 0
github.com/forbole/bdjuno/v5/database/pruning.go:29.2,30.16 2 0
github.com/forbole/bdjuno/v5/database/pruning.go:30.16,32.3 1 0
github.com/forbole/bdjuno/v5/database/pruning.go:34.2,35.16 2 0
github.com/forbole/bdjuno/v5/database/pruning.go:35.16,37.3 1 0
github.com/forbole/bdjuno/v5/database/pruning.go:39.2,39.12 1 0
github.com/forbole/bdjuno/v5/database/pruning.go:42.45,44.16 2 0
github.com/forbole/bdjuno/v5/database/pruning.go:44.16,46.3 1 0
github.com/forbole/bdjuno/v5/database/pruning.go:47.2,47.12 1 0
github.com/forbole/bdjuno/v5/database/pruning.go:50.48,52.16 2 0
github.com/forbole/bdjuno/v5/database/pruning.go:52.16,54.3 1 0
github.com/forbole/bdjuno/v5/database/pruning.go:56.2,57.16 2 0
github.com/forbole/bdjuno/v5/database/pruning.go:57.16,59.3 1 0
github.com/forbole/bdjuno/v5/database/pruning.go:61.2,62.16 2 0
github.com/forbole/bdjuno/v5/database/pruning.go:62.16,64.3 1 0
github.com/forbole/bdjuno/v5/database/pruning.go:66.2,67.16 2 0
github.com/forbole/bdjuno/v5/database/pruning.go:67.16,69.3 1 0
github.com/forbole/bdjuno/v5/database/pruning.go:71.2,72.16 2 0
github.com/forbole/bdjuno/v5/database/pruning.go:72.16,74.3 1 0
github.com/forbole/bdjuno/v5/database/pruning.go:76.2,77.16 2 0
github.com/forbole/bdjuno/v5/database/pruning.go:77.16,79.3 1 0
github.com/forbole/bdjuno/v5/database/pruning.go:81.2,81.12 1 0
github.com/forbole/bdjuno/v5/database/pruning.go:84.45,87.2 2 0
github.com/forbole/bdjuno/v5/database/pruning.go:89.53,91.16 2 0
github.com/forbole/bdjuno/v5/database/pruning.go:91.16,93.3 1 0
github.com/forbole/bdjuno/v5/database/pruning.go:95.2,95.12 1 0
github.com/forbole/bdjuno/v5/database/pruning.go:98.49,100.16 2 0
github.com/forbole/bdjuno/v5/database/pruning.go:100.16,102.3 1 0
github.com/forbole/bdjuno/v5/database/pruning.go:104.2,105.16 2 0
github.com/forbole/bdjuno/v5/database/pruning.go:105.16,107.3 1 0
github.com/forbole/bdjuno/v5/database/pruning.go:109.2,109.12 1 0
github.com/forbole/bdjuno/v5/database/slashing.go:11.84,12.21 1 1
github.com/forbole/bdjuno/v5/database/slashing.go:12.21,14.3 1 0
github.com/forbole/bdjuno/v5/database/slashing.go:16.2,22.29 3 1
github.com/forbole/bdjuno/v5/database/slashing.go:22.29,30.3 3 1
github.com/forbole/bdjuno/v5/database/slashing.go:32.2,45.16 4 1
github.com/forbole/bdjuno/v5/database/slashing.go:45.16,47.3 1 0
github.com/forbole/bdjuno/v5/database/slashing.go:49.2,49.12 1 1
github.com/forbole/bdjuno/v5/database/slashing.go:53.70,55.16 2 1
github.com/forbole/bdjuno/v5/database/slashing.go:55.16,57.3 1 0
github.com/forbole/bdjuno/v5/database/slashing.go:59.2,68.16 3 1
github.com/forbole/bdjuno/v5/database/slashing.go:68.16,70.3 1 0
github.com/forbole/bdjuno/v5/database/slashing.go:72.2,72.12 1 1
github.com/forbole/bdjuno/v5/database/staking_params.go:14.67,16.16 2 1
github.com/forbole/bdjuno/v5/database/staking_params.go:16.16,18.3 1 0
github.com/forbole/bdjuno/v5/database/staking_params.go:20.2,29.16 3 1
github.com/forbole/bdjuno/v5/database/staking_params.go:29.16,31.3 1 0
github.com/forbole/bdjuno/v5/database/staking_params.go:33.2,33.12 1 1
github.com/forbole/bdjuno/v5/database/staking_params.go:37.64,41.16 4 1
github.com/forbole/bdjuno/v5/database/staking_params.go:41.16,43.3 1 0
github.com/forbole/bdjuno/v5/database/staking_params.go:45.2,45.20 1 1
github.com/forbole/bdjuno/v5/database/staking_params.go:45.20,47.3 1 0
github.com/forbole/bdjuno/v5/database/staking_params.go:49.2,51.16 3 1
github.com/forbole/bdjuno/v5/database/staking_params.go:51.16,53.3 1 0
github.com/forbole/bdjuno/v5/database/staking_params.go:55.2,58.8 1 1
github.com/forbole/bdjuno/v5/database/staking_pool.go:10.55,28.16 3 1
github.com/forbole/bdjuno/v5/database/staking_pool.go:28.16,30.3 1 0
github.com/forbole/bdjuno/v5/database/staking_pool.go:32.2,32.12 1 1
github.com/forbole/bdjuno/v5/database/staking_validators.go:15.66,17.2 1 1
github.com/forbole/bdjuno/v5/database/staking_validators.go:20.70,21.26 1 1
github.com/forbole/bdjuno/v5/database/staking_validators.go:21.26,23.3 1 0
github.com/forbole/bdjuno/v5/database/staking_validators.go:25.2,38.39 7 1
github.com/forbole/bdjuno/v5/database/staking_validators.go:38.39,55.3 8 1
github.com/forbole/bdjuno/v5/database/staking_validators.go:57.2,60.16 4 1
github.com/forbole/bdjuno/v5/database/staking_validators.go:60.16,62.3 1 0
github.com/forbole/bdjuno/v5/database/staking_validators.go:64.2,67.16 4 1
github.com/forbole/bdjuno/v5/database/staking_validators.go:67.16,69.3 1 0
github.com/forbole/bdjuno/v5/database/staking_validators.go:71.2,82.16 4 1
github.com/forbole/bdjuno/v5/database/staking_validators.go:82.16,84.3 1 0
github.com/forbole/bdjuno/v5/database/staking_validators.go:86.2,86.12 1 1
github.com/forbole/bdjuno/v5/database/staking_validators.go:90.85,94.16 4 1
github.com/forbole/bdjuno/v5/database/staking_validators.go:94.16,96.3 1 0
github.com/forbole/bdjuno/v5/database/staking_validators.go:98.2,98.22 1 1
github.com/forbole/bdjuno/v5/database/staking_validators.go:98.22,100.3 1 0
github.com/forbole/bdjuno/v5/database/staking_validators.go:102.2,102.45 1 1
github.com/forbole/bdjuno/v5/database/staking_validators.go:106.84,110.16 4 0
github.com/forbole/bdjuno/v5/database/staking_validators.go:110.16,112.3 1 0
github.com/forbole/bdjuno/v5/database/staking_validators.go:114.2,114.22 1 0
github.com/forbole/bdjuno/v5/database/staking_validators.go:114.22,116.3 1 0
github.com/forbole/bdjuno/v5/database/staking_validators.go:118.2,118.44 1 0
github.com/forbole/bdjuno/v5/database/staking_validators.go:124.72,137.16 4 1
github.com/forbole/bdjuno/v5/database/staking_validators.go:137.16,139.3 1 0
github.com/forbole/bdjuno/v5/database/staking_validators.go:141.2,141.22 1 1
github.com/forbole/bdjuno/v5/database/staking_validators.go:141.22,143.3 1 0
github.com/forbole/bdjuno/v5/database/staking_validators.go:145.2,145.23 1 1
github.com/forbole/bdjuno/v5/database/staking_validators.go:149.58,166.16 4 1
github.com/forbole/bdjuno/v5/database/staking_validators.go:166.16,168.3 1 0
github.com/forbole/bdjuno/v5/database/staking_validators.go:170.2,171.31 2 1
github.com/forbole/bdjuno/v5/database/staking_validators.go:171.31,173.3 1 1
github.com/forbole/bdjuno/v5/database/staking_validators.go:175.2,175.18 1 1
github.com/forbole/bdjuno/v5/database/staking_validators.go:180.90,193.16 4 0
github.com/forbole/bdjuno/v5/database/staking_validators.go:193.16,195.3 1 0
github.com/forbole/bdjuno/v5/database/staking_validators.go:197.2,197.22 1 0
github.com/forbole/bdjuno/v5/database/staking_validators.go:197.22,199.3 1 0
github.com/forbole/bdjuno/v5/database/staking_validators.go:201.2,201.23 1 0
github.com/forbole/bdjuno/v5/database/staking_validators.go:210.86,212.16 2 1
github.com/forbole/bdjuno/v5/database/staking_validators.go:212.16,214.3 1 0
github.com/forbole/bdjuno/v5/database/staking_validators.go:216.2,217.16 2 1
github.com/forbole/bdjuno/v5/database/staking_validators.go:217.16,219.3 1 0
github.com/forbole/bdjuno/v5/database/staking_validators.go:222.2,223.68 2 1
github.com/forbole/bdjuno/v5/database/staking_validators.go:223.68,225.17 2 1
github.com/forbole/bdjuno/v5/database/staking_validators.go:225.17,227.4 1 0
github.com/forbole/bdjuno/v5/database/staking_validators.go:229.3,229.60 1 1
github.com/forbole/bdjuno/v5/database/staking_validators.go:229.60,231.4 1 0
github.com/forbole/bdjuno/v5/database/staking_validators.go:235.2,260.16 3 1
github.com/forbole/bdjuno/v5/database/staking_validators.go:260.16,262.3 1 0
github.com/forbole/bdjuno/v5/database/staking_validators.go:264.2,264.12 1 1
github.com/forbole/bdjuno/v5/database/staking_validators.go:269.100,274.16 4 1
github.com/forbole/bdjuno/v5/database/staking_validators.go:274.16,276.3 1 0
github.com/forbole/bdjuno/v5/database/staking_validators.go:278.2,278.22 1 1
github.com/forbole/bdjuno/v5/database/staking_validators.go:278.22,280.3 1 1
github.com/forbole/bdjuno/v5/database/staking_validators.go:282.2,295.27 3 1
github.com/forbole/bdjuno/v5/database/staking_validators.go:304.77,305.61 1 1
github.com/forbole/bdjuno/v5/database/staking_validators.go:305.61,308.3 1 0
github.com/forbole/bdjuno/v5/database/staking_validators.go:310.2,311.16 2 1
github.com/forbole/bdjuno/v5/database/staking_validators.go:311.16,313.3 1 0
github.com/forbole/bdjuno/v5/database/staking_validators.go:316.2,317.67 2 1
github.com/forbole/bdjuno/v5/database/staking_validators.go:317.67,318.32 1 1
github.com/forbole/bdjuno/v5/database/staking_validators.go:318.32,320.4 1 1
github.com/forbole/bdjuno/v5/database/staking_validators.go:321.3,321.39 1 1
github.com/forbole/bdjuno/v5/database/staking_validators.go:321.39,323.4 1 1
github.com/forbole/bdjuno/v5/database/staking_validators.go:327.2,327.28 1 1
github.com/forbole/bdjuno/v5/database/staking_validators.go:327.28,329.3 1 1
github.com/forbole/bdjuno/v5/database/staking_validators.go:330.2,330.35 1 1
github.com/forbole/bdjuno/v5/database/staking_validators.go:330.35,332.3 1 1
github.com/forbole/bdjuno/v5/database/staking_validators.go:335.2,344.16 3 1
github.com/forbole/bdjuno/v5/database/staking_validators.go:344.16,346.3 1 0
github.com/forbole/bdjuno/v5/database/staking_validators.go:348.2,348.12 1 1
github.com/forbole/bdjuno/v5/database/staking_validators.go:353.103,357.34 4 1
github.com/forbole/bdjuno/v5/database/staking_validators.go:357.34,359.3 1 1
github.com/forbole/bdjuno/v5/database/staking_validators.go:361.2,361.23 1 1
github.com/forbole/bdjuno/v5/database/staking_validators.go:370.86,371.23 1 1
github.com/forbole/bdjuno/v5/database/staking_validators.go:371.23,373.3 1 0
github.com/forbole/bdjuno/v5/database/staking_validators.go:375.2,378.32 3 1
github.com/forbole/bdjuno/v5/database/staking_validators.go:378.32,382.3 3 1
github.com/forbole/bdjuno/v5/database/staking_validators.go:384.2,392.16 4 1
github.com/forbole/bdjuno/v5/database/staking_validators.go:392.16,394.3 1 0
github.com/forbole/bdjuno/v5/database/staking_validators.go:396.2,396.12 1 1
github.com/forbole/bdjuno/v5/database/staking_validators.go:402.78,403.24 1 1
github.com/forbole/bdjuno/v5/database/staking_validators.go:403.24,405.3 1 0
github.com/forbole/bdjuno/v5/database/staking_validators.go:407.2,413.34 5 1
github.com/forbole/bdjuno/v5/database/staking_validators.go:413.34,421.3 6 1
github.com/forbole/bdjuno/v5/database/staking_validators.go:423.2,426.16 4 1
github.com/forbole/bdjuno/v5/database/staking_validators.go:426.16,428.3 1 0
github.com/forbole/bdjuno/v5/database/staking_validators.go:430.2,438.16 4 1
github.com/forbole/bdjuno/v5/database/staking_validators.go:438.16,440.3 1 0
github.com/forbole/bdjuno/v5/database/staking_validators.go:442.2,442.12 1 1
github.com/forbole/bdjuno/v5/database/staking_validators.go:446.76,457.2 4 1
github.com/forbole/bdjuno/v5/database/staking_validators.go:460.79,462.16 2 1
github.com/forbole/bdjuno/v5/database/staking_validators.go:462.16,464.3 1 0
github.com/forbole/bdjuno/v5/database/staking_validators.go:466.2,467.16 2 1
github.com/forbole/bdjuno/v5/database/staking_validators.go:467.16,469.3 1 0
github.com/forbole/bdjuno/v5/database/staking_validators.go:471.2,475.16 3 1
github.com/forbole/bdjuno/v5/database/staking_validators.go:475.16,477.3 1 0
github.com/forbole/bdjuno/v5/database/staking_validators.go:479.2,479.12 1 1
github.com/forbole/bdjuno/v5/database/utils.go:8.59,9.23 1 1
github.com/forbole/bdjuno/v5/database/utils.go:9.23,11.3 1 0
github.com/forbole/bdjuno/v5/database/utils.go:14.2,16.16 3 1
github.com/forbole/bdjuno/v5/database/utils.go:16.16,18.3 1 0
github.com/forbole/bdjuno/v5/database/utils.go:20.2,20.23 1 1
github.com/forbole/bdjuno/v5/database/utils.go:20.23,22.3 1 0
github.com/forbole/bdjuno/v5/database/utils.go:24.2,26.34 3 1
github.com/forbole/bdjuno/v5/database/utils.go:26.34,29.3 2 1
github.com/forbole/bdjuno/v5/database/utils.go:30.2,33.16 4 1
github.com/forbole/bdjuno/v5/database/utils.go:33.16,35.3 1 0
github.com/forbole/bdjuno/v5/database/utils.go:37.2,37.12 1 1
github.com/forbole/bdjuno/v5/database/wasm.go:15.61,17.16 2 0
github.com/forbole/bdjuno/v5/database/wasm.go:17.16,19.3 1 0
github.com/forbole/bdjuno/v5/database/wasm.go:21.2,31.16 3 0
github.com/forbole/bdjuno/v5/database/wasm.go:31.16,33.3 1 0
github.com/forbole/bdjuno/v5/database/wasm.go:35.2,35.12 1 0
github.com/forbole/bdjuno/v5/database/wasm.go:39.59,41.2 1 0
github.com/forbole/bdjuno/v5/database/wasm.go:44.63,49.25 2 0
github.com/forbole/bdjuno/v5/database/wasm.go:49.25,51.3 1 0
github.com/forbole/bdjuno/v5/database/wasm.go:53.2,55.33 3 0
github.com/forbole/bdjuno/v5/database/wasm.go:55.33,60.40 4 0
github.com/forbole/bdjuno/v5/database/wasm.go:60.40,62.18 2 0
github.com/forbole/bdjuno/v5/database/wasm.go:62.18,64.5 1 0
github.com/forbole/bdjuno/v5/database/wasm.go:67.3,69.46 3 0
github.com/forbole/bdjuno/v5/database/wasm.go:72.2,83.16 4 0
github.com/forbole/bdjuno/v5/database/wasm.go:83.16,85.3 1 0
github.com/forbole/bdjuno/v5/database/wasm.go:87.2,88.16 2 0
github.com/forbole/bdjuno/v5/database/wasm.go:88.16,90.3 1 0
github.com/forbole/bdjuno/v5/database/wasm.go:92.2,92.12 1 0
github.com/forbole/bdjuno/v5/database/wasm.go:96.71,100.35 3 0
github.com/forbole/bdjuno/v5/database/wasm.go:100.35,101.26 1 0
github.com/forbole/bdjuno/v5/database/wasm.go:101.26,102.12 1 0
github.com/forbole/bdjuno/v5/database/wasm.go:105.3,106.17 2 0
github.com/forbole/bdjuno/v5/database/wasm.go:106.17,108.4 1 0
github.com/forbole/bdjuno/v5/database/wasm.go:111.2,111.12 1 0
github.com/forbole/bdjuno/v5/database/wasm.go:114.93,124.41 4 0
github.com/forbole/bdjuno/v5/database/wasm.go:124.41,145.3 4 0
github.com/forbole/bdjuno/v5/database/wasm.go:147.2,165.16 4 0
github.com/forbole/bdjuno/v5/database/wasm.go:165.16,167.3 1 0
github.com/forbole/bdjuno/v5/database/wasm.go:169.2,170.16 2 0
github.com/forbole/bdjuno/v5/database/wasm.go:170.16,172.3 1 0
github.com/forbole/bdjuno/v5/database/wasm.go:174.2,174.12 1 0
github.com/forbole/bdjuno/v5/database/wasm.go:178.92,180.2 1 0
github.com/forbole/bdjuno/v5/database/wasm.go:183.92,187.35 3 0
github.com/forbole/bdjuno/v5/database/wasm.go:187.35,188.26 1 0
github.com/forbole/bdjuno/v5/database/wasm.go:188.26,189.12 1 0
github.com/forbole/bdjuno/v5/database/wasm.go:192.3,193.17 2 0
github.com/forbole/bdjuno/v5/database/wasm.go:193.17,195.4 1 0
github.com/forbole/bdjuno/v5/database/wasm.go:198.2,198.12 1 0
github.com/forbole/bdjuno/v5/database/wasm.go:201.109,208.51 3 0
github.com/forbole/bdjuno/v5/database/wasm.go:208.51,215.3 3 0
github.com/forbole/bdjuno/v5/database/wasm.go:217.2,222.16 4 0
github.com/forbole/bdjuno/v5/database/wasm.go:222.16,224.3 1 0
github.com/forbole/bdjuno/v5/database/wasm.go:226.2,226.12 1 0
github.com/forbole/bdjuno/v5/database/wasm.go:231.9,245.16 4 0
github.com/forbole/bdjuno/v5/database/wasm.go:245.16,248.3 1 0
github.com/forbole/bdjuno/v5/database/wasm.go:249.2,249.12 1 0
github.com/forbole/bdjuno/v5/database/wasm.go:252.97,258.16 3 0
github.com/forbole/bdjuno/v5/database/wasm.go:258.16,260.3 1 0
github.com/forbole/bdjuno/v5/database/wasm.go:261.2,261.12 1 0
